<?xml version="1.0" encoding="UTF-8"?>
<testng-results ignored="0" total="1" passed="1" failed="0" skipped="0">
  <reporter-output>
  </reporter-output>
  <suite started-at="2023-10-28T10:26:23 CST" name="Default suite" finished-at="2023-10-28T10:26:26 CST" duration-ms="3184">
    <groups>
    </groups>
    <test started-at="2023-10-28T10:26:23 CST" name="Default test" finished-at="2023-10-28T10:26:26 CST" duration-ms="3184">
      <class name="loginTests.TC05_LoginExcel">
        <test-method is-config="true" signature="startWebPage()[pri:0, instance:loginTests.TC05_LoginExcel@58294867]" started-at="2023-10-28T10:26:23 CST" name="startWebPage" finished-at="2023-10-28T10:26:25 CST" duration-ms="2371" status="PASS">
          <reporter-output>
          </reporter-output>
        </test-method> <!-- startWebPage -->
        <test-method signature="TC05()[pri:0, instance:loginTests.TC05_LoginExcel@58294867]" started-at="2023-10-28T10:26:25 CST" name="TC05" finished-at="2023-10-28T10:26:26 CST" duration-ms="526" status="PASS">
          <reporter-output>
          </reporter-output>
        </test-method> <!-- TC05 -->
        <test-method is-config="true" signature="closeDriver()[pri:0, instance:loginTests.TC05_LoginExcel@58294867]" started-at="2023-10-28T10:26:26 CST" name="closeDriver" finished-at="2023-10-28T10:26:26 CST" duration-ms="263" status="PASS">
          <reporter-output>
          </reporter-output>
        </test-method> <!-- closeDriver -->
      </class> <!-- loginTests.TC05_LoginExcel -->
    </test> <!-- Default test -->
  </suite> <!-- Default suite -->
</testng-results>
