<?xml version="1.0" encoding="UTF-8"?>
<testng-results ignored="0" total="1" passed="1" failed="0" skipped="0">
  <reporter-output>
  </reporter-output>
  <suite started-at="2023-09-30T16:29:23Z" name="Default suite" finished-at="2023-09-30T16:29:28Z" duration-ms="5454">
    <groups>
    </groups>
    <test started-at="2023-09-30T16:29:23Z" name="Default test" finished-at="2023-09-30T16:29:28Z" duration-ms="5454">
      <class name="pruebaSelenium.NewTest">
        <test-method signature="f()[pri:0, instance:pruebaSelenium.NewTest@4671115f]" started-at="2023-09-30T10:29:23Z" name="f" finished-at="2023-09-30T10:29:28Z" duration-ms="5440" status="PASS">
          <reporter-output>
          </reporter-output>
        </test-method> <!-- f -->
      </class> <!-- pruebaSelenium.NewTest -->
    </test> <!-- Default test -->
  </suite> <!-- Default suite -->
</testng-results>
